[20:26:05] [main/INFO]: Environment: authHost='https://authserver.mojang.com', accountsHost='https://api.mojang.com', sessionHost='https://sessionserver.mojang.com', servicesHost='https://api.minecraftservices.com', name='PROD'
[20:26:05] [main/WARN]: Ambiguity between arguments [teleport, destination] and [teleport, targets] with inputs: [Player, 0123, @e, dd12be42-52a9-4a91-a8a1-11c01849e498]
[20:26:05] [main/WARN]: Ambiguity between arguments [teleport, location] and [teleport, destination] with inputs: [0.1 -0.5 .9, 0 0 0]
[20:26:05] [main/WARN]: Ambiguity between arguments [teleport, location] and [teleport, targets] with inputs: [0.1 -0.5 .9, 0 0 0]
[20:26:05] [main/WARN]: Ambiguity between arguments [teleport, targets] and [teleport, destination] with inputs: [Player, 0123, dd12be42-52a9-4a91-a8a1-11c01849e498]
[20:26:05] [main/WARN]: Ambiguity between arguments [teleport, targets, location] and [teleport, targets, destination] with inputs: [0.1 -0.5 .9, 0 0 0]
[20:26:05] [main/INFO]: Reloading ResourceManager: Default
[20:26:06] [Worker-Main-6/INFO]: Loaded 7 recipes
[20:26:06] [Worker-Main-6/INFO]: Loaded 927 advancements
[20:26:08] [Server thread/INFO]: Starting minecraft server version 1.16.5
[20:26:08] [Server thread/INFO]: Loading properties
[20:26:08] [Server thread/INFO]: Default game type: SURVIVAL
[20:26:08] [Server thread/INFO]: Generating keypair
[20:26:08] [Server console handler/ERROR]: Exception handling console input
java.io.IOException: Неверный дескриптор
	at java.io.FileInputStream.readBytes(Native Method) ~[?:1.8.0_291]
	at java.io.FileInputStream.read(Unknown Source) ~[?:1.8.0_291]
	at java.io.BufferedInputStream.read1(Unknown Source) ~[?:1.8.0_291]
	at java.io.BufferedInputStream.read(Unknown Source) ~[?:1.8.0_291]
	at sun.nio.cs.StreamDecoder.readBytes(Unknown Source) ~[?:1.8.0_291]
	at sun.nio.cs.StreamDecoder.implRead(Unknown Source) ~[?:1.8.0_291]
	at sun.nio.cs.StreamDecoder.read(Unknown Source) ~[?:1.8.0_291]
	at java.io.InputStreamReader.read(Unknown Source) ~[?:1.8.0_291]
	at java.io.BufferedReader.fill(Unknown Source) ~[?:1.8.0_291]
	at java.io.BufferedReader.readLine(Unknown Source) ~[?:1.8.0_291]
	at java.io.BufferedReader.readLine(Unknown Source) ~[?:1.8.0_291]
	at zg$1.run(SourceFile:95) [server.jar:?]
[20:26:08] [Server thread/INFO]: Starting Minecraft server on 192.168.50.12:25565
[20:26:08] [Server thread/INFO]: Using default channel type
[20:26:10] [Server thread/WARN]: **** SERVER IS RUNNING IN OFFLINE/INSECURE MODE!
[20:26:10] [Server thread/WARN]: The server will make no attempt to authenticate usernames. Beware.
[20:26:10] [Server thread/WARN]: While this makes the game possible to play without internet access, it also opens up the ability for hackers to connect with any username they choose.
[20:26:10] [Server thread/WARN]: To change this, set "online-mode" to "true" in the server.properties file.
[20:26:10] [Server thread/INFO]: Preparing level "world"
[20:26:10] [Server thread/INFO]: Preparing start region for dimension minecraft:overworld
[20:26:11] [Server thread/INFO]: Preparing spawn area: 0%
[20:26:11] [Server thread/INFO]: Preparing spawn area: 0%
[20:26:11] [Server thread/INFO]: Preparing spawn area: 0%
[20:26:12] [Server thread/INFO]: Preparing spawn area: 0%
[20:26:14] [Worker-Main-7/INFO]: Preparing spawn area: 83%
[20:26:14] [Worker-Main-4/INFO]: Preparing spawn area: 83%
[20:26:14] [Worker-Main-5/INFO]: Preparing spawn area: 83%
[20:26:14] [Worker-Main-5/INFO]: Preparing spawn area: 83%
[20:26:14] [Worker-Main-7/INFO]: Preparing spawn area: 83%
[20:26:15] [Worker-Main-4/INFO]: Preparing spawn area: 83%
[20:26:15] [Worker-Main-5/INFO]: Preparing spawn area: 95%
[20:26:16] [Worker-Main-5/INFO]: Preparing spawn area: 95%
[20:26:16] [Worker-Main-7/INFO]: Preparing spawn area: 95%
[20:26:17] [Worker-Main-4/INFO]: Preparing spawn area: 95%
[20:26:17] [Worker-Main-7/INFO]: Preparing spawn area: 95%
[20:26:18] [Server thread/INFO]: Time elapsed: 7662 ms
[20:26:18] [Server thread/INFO]: Done (7.766s)! For help, type "help"
[20:26:36] [Server thread/INFO]: Twelve-Violence[/192.168.50.12:61721] logged in with entity id 185 at (-132.92068558972966, 64.78826919565643, 230.90872474788776)
[20:26:36] [Server thread/INFO]: Twelve-Violence joined the game
